[ 2017-11-08T15:48:46+08:00 ] 127.0.0.1 /
ERR: Access denied for user 'root'@'localhost' (using password: NO)

[ 2017-11-08T15:49:50+08:00 ] 127.0.0.1 /
ERR: Access denied for user 'root'@'localhost' (using password: NO)

[ 2017-11-08T15:49:51+08:00 ] 127.0.0.1 /
ERR: Access denied for user 'root'@'localhost' (using password: NO)

[ 2017-11-08T15:49:51+08:00 ] 127.0.0.1 /
ERR: Access denied for user 'root'@'localhost' (using password: NO)

[ 2017-11-08T15:50:19+08:00 ] 127.0.0.1 /
ERR: Access denied for user 'root'@'localhost' (using password: NO)

[ 2017-11-08T15:57:35+08:00 ] 127.0.0.1 /
ERR: Access denied for user 'root'@'localhost' (using password: NO)

[ 2017-11-08T15:57:36+08:00 ] 127.0.0.1 /
ERR: Access denied for user 'root'@'localhost' (using password: NO)

[ 2017-11-08T15:57:36+08:00 ] 127.0.0.1 /
ERR: Access denied for user 'root'@'localhost' (using password: NO)

[ 2017-11-08T15:57:37+08:00 ] 127.0.0.1 /
ERR: Access denied for user 'root'@'localhost' (using password: NO)

[ 2017-11-08T15:57:37+08:00 ] 127.0.0.1 /
ERR: Access denied for user 'root'@'localhost' (using password: NO)

[ 2017-11-08T15:57:37+08:00 ] 127.0.0.1 /
ERR: Access denied for user 'root'@'localhost' (using password: NO)

[ 2017-11-08T15:57:38+08:00 ] 127.0.0.1 /
ERR: Access denied for user 'root'@'localhost' (using password: NO)

[ 2017-11-08T16:00:48+08:00 ] 127.0.0.1 /
ERR: Access denied for user 'root'@'localhost' (using password: NO)

[ 2017-11-08T16:00:50+08:00 ] 127.0.0.1 /
ERR: Access denied for user 'root'@'localhost' (using password: NO)

[ 2017-11-08T16:00:50+08:00 ] 127.0.0.1 /
ERR: Access denied for user 'root'@'localhost' (using password: NO)

[ 2017-11-08T16:00:50+08:00 ] 127.0.0.1 /
ERR: Access denied for user 'root'@'localhost' (using password: NO)

[ 2017-11-08T16:00:51+08:00 ] 127.0.0.1 /
ERR: Access denied for user 'root'@'localhost' (using password: NO)

[ 2017-11-08T16:01:05+08:00 ] 127.0.0.1 /
ERR: Access denied for user 'root'@'localhost' (using password: NO)

[ 2017-11-08T16:01:16+08:00 ] 127.0.0.1 /
ERR: Access denied for user 'root'@'localhost' (using password: NO)

[ 2017-11-08T16:01:24+08:00 ] 127.0.0.1 /
ERR: Access denied for user 'root'@'localhost' (using password: NO)

[ 2017-11-08T16:07:56+08:00 ] 127.0.0.1 /
ERR: Access denied for user 'root'@'localhost' (using password: NO)

[ 2017-11-08T16:08:01+08:00 ] 127.0.0.1 /
ERR: Access denied for user 'root'@'localhost' (using password: NO)

[ 2017-11-08T16:08:02+08:00 ] 127.0.0.1 /
ERR: Access denied for user 'root'@'localhost' (using password: NO)

[ 2017-11-08T16:08:02+08:00 ] 127.0.0.1 /
ERR: Access denied for user 'root'@'localhost' (using password: NO)

[ 2017-11-08T16:08:02+08:00 ] 127.0.0.1 /
ERR: Access denied for user 'root'@'localhost' (using password: NO)

[ 2017-11-08T16:08:15+08:00 ] 127.0.0.1 /
ERR: Access denied for user 'root'@'localhost' (using password: NO)

[ 2017-11-08T16:10:29+08:00 ] 127.0.0.1 /
SQL: SHOW COLUMNS FROM `ot_document` [ RunTime:0.004920s ]
SQL: SELECT * FROM `ot_document` WHERE ( status=1 ) ORDER BY view desc LIMIT 0,12   [ RunTime:0.000503s ]
SQL: SHOW COLUMNS FROM `ot_category` [ RunTime:0.004752s ]
SQL: SELECT `id`,`name`,`title`,`pid`,`sort`,`list_row`,`meta_title`,`keywords`,`description`,`template_index`,`template_lists`,`template_detail`,`template_edit`,`model`,`type`,`link_id`,`allow_publish`,`display`,`reply`,`check`,`reply_model`,`extend`,`create_time`,`update_time`,`status`,`icon` FROM `ot_category` WHERE ( `status` = 1 ) ORDER BY sort  [ RunTime:0.000377s ]
SQL: SELECT COUNT(*) AS tp_count FROM `ot_document` WHERE ( status=1 ) LIMIT 1   [ RunTime:0.000243s ]
SQL: SELECT * FROM `ot_document` WHERE ( status=1 ) ORDER BY create_time desc LIMIT 0,10   [ RunTime:0.000399s ]
SQL: SELECT * FROM `ot_category` WHERE ( id=42 ) LIMIT 1   [ RunTime:0.000309s ]
SQL: SELECT * FROM `ot_category` WHERE ( id=42 ) LIMIT 1   [ RunTime:0.000206s ]
SQL: SELECT * FROM `ot_category` WHERE ( id=41 ) LIMIT 1   [ RunTime:0.000226s ]
SQL: SELECT * FROM `ot_category` WHERE ( id=41 ) LIMIT 1   [ RunTime:0.000272s ]
SQL: SELECT * FROM `ot_category` WHERE ( id=41 ) LIMIT 1   [ RunTime:0.000294s ]
SQL: SELECT * FROM `ot_category` WHERE ( id=41 ) LIMIT 1   [ RunTime:0.000291s ]
SQL: SELECT * FROM `ot_category` WHERE ( id=41 ) LIMIT 1   [ RunTime:0.000288s ]
SQL: SELECT * FROM `ot_category` WHERE ( id=40 ) LIMIT 1   [ RunTime:0.000333s ]
SQL: SELECT * FROM `ot_category` WHERE ( id=40 ) LIMIT 1   [ RunTime:0.000390s ]
SQL: SELECT * FROM `ot_category` WHERE ( id=2 ) LIMIT 1   [ RunTime:0.000289s ]
INFO: [ view_parse ] --START--
INFO: [ template_filter ] --START--
INFO: Run Behavior\ContentReplace [ RunTime:0.000176s ]
INFO: [ template_filter ] --END-- [ RunTime:0.000226s ]
INFO: Run Behavior\ParseTemplate [ RunTime:0.021407s ]
INFO: [ view_parse ] --END-- [ RunTime:0.021477s ]
INFO: [ view_filter ] --START--
INFO: Run Behavior\WriteHtmlCache [ RunTime:0.000592s ]
INFO: [ view_filter ] --END-- [ RunTime:0.000890s ]
INFO: [ app_end ] --START--
INFO: Run Behavior\ShowPageTrace [ RunTime:0.001275s ]
INFO: [ app_end ] --END-- [ RunTime:0.001348s ]

[ 2017-11-08T16:10:36+08:00 ] 127.0.0.1 /index.php?s=/home/article/lists/category/php.html
SQL: SHOW COLUMNS FROM `ot_document` [ RunTime:0.004216s ]
SQL: SELECT * FROM `ot_document` WHERE ( status=1 ) ORDER BY view desc LIMIT 0,12   [ RunTime:0.000471s ]
SQL: SHOW COLUMNS FROM `ot_category` [ RunTime:0.005087s ]
SQL: SELECT `id`,`name`,`title`,`pid`,`sort`,`list_row`,`meta_title`,`keywords`,`description`,`template_index`,`template_lists`,`template_detail`,`template_edit`,`model`,`type`,`link_id`,`allow_publish`,`display`,`reply`,`check`,`reply_model`,`extend`,`create_time`,`update_time`,`status`,`icon` FROM `ot_category` WHERE ( `name` = 'php' ) LIMIT 1   [ RunTime:0.000321s ]
SQL: SELECT COUNT(*) AS tp_count FROM `ot_document` WHERE ( status=1 AND category_id=41 ) LIMIT 1   [ RunTime:0.000258s ]
SQL: SELECT * FROM `ot_document` WHERE ( status=1 AND category_id=41 ) ORDER BY create_time LIMIT 0,15   [ RunTime:0.000320s ]
SQL: SELECT * FROM `ot_category` WHERE ( id=41 ) LIMIT 1   [ RunTime:0.000259s ]
SQL: SELECT * FROM `ot_category` WHERE ( id=41 ) LIMIT 1   [ RunTime:0.000258s ]
SQL: SELECT * FROM `ot_category` WHERE ( id=41 ) LIMIT 1   [ RunTime:0.000248s ]
SQL: SELECT * FROM `ot_category` WHERE ( id=41 ) LIMIT 1   [ RunTime:0.000251s ]
SQL: SELECT * FROM `ot_category` WHERE ( id=41 ) LIMIT 1   [ RunTime:0.000251s ]
INFO: [ view_parse ] --START--
INFO: [ template_filter ] --START--
INFO: Run Behavior\ContentReplace [ RunTime:0.000143s ]
INFO: [ template_filter ] --END-- [ RunTime:0.000197s ]
INFO: Run Behavior\ParseTemplate [ RunTime:0.016608s ]
INFO: [ view_parse ] --END-- [ RunTime:0.016660s ]
INFO: [ view_filter ] --START--
INFO: Run Behavior\WriteHtmlCache [ RunTime:0.000441s ]
INFO: [ view_filter ] --END-- [ RunTime:0.000474s ]
INFO: [ app_end ] --START--
INFO: Run Behavior\ShowPageTrace [ RunTime:0.000911s ]
INFO: [ app_end ] --END-- [ RunTime:0.000956s ]

[ 2017-11-08T16:10:54+08:00 ] 127.0.0.1 /
SQL: SHOW COLUMNS FROM `ot_document` [ RunTime:0.003837s ]
SQL: SELECT * FROM `ot_document` WHERE ( status=1 ) ORDER BY view desc LIMIT 0,12   [ RunTime:0.000599s ]
SQL: SHOW COLUMNS FROM `ot_category` [ RunTime:0.004436s ]
SQL: SELECT `id`,`name`,`title`,`pid`,`sort`,`list_row`,`meta_title`,`keywords`,`description`,`template_index`,`template_lists`,`template_detail`,`template_edit`,`model`,`type`,`link_id`,`allow_publish`,`display`,`reply`,`check`,`reply_model`,`extend`,`create_time`,`update_time`,`status`,`icon` FROM `ot_category` WHERE ( `status` = 1 ) ORDER BY sort  [ RunTime:0.000397s ]
SQL: SELECT COUNT(*) AS tp_count FROM `ot_document` WHERE ( status=1 ) LIMIT 1   [ RunTime:0.000240s ]
SQL: SELECT * FROM `ot_document` WHERE ( status=1 ) ORDER BY create_time desc LIMIT 0,10   [ RunTime:0.000366s ]
SQL: SELECT * FROM `ot_category` WHERE ( id=42 ) LIMIT 1   [ RunTime:0.000291s ]
SQL: SELECT * FROM `ot_category` WHERE ( id=42 ) LIMIT 1   [ RunTime:0.000285s ]
SQL: SELECT * FROM `ot_category` WHERE ( id=41 ) LIMIT 1   [ RunTime:0.000283s ]
SQL: SELECT * FROM `ot_category` WHERE ( id=41 ) LIMIT 1   [ RunTime:0.000312s ]
SQL: SELECT * FROM `ot_category` WHERE ( id=41 ) LIMIT 1   [ RunTime:0.000282s ]
SQL: SELECT * FROM `ot_category` WHERE ( id=41 ) LIMIT 1   [ RunTime:0.000345s ]
SQL: SELECT * FROM `ot_category` WHERE ( id=41 ) LIMIT 1   [ RunTime:0.000299s ]
SQL: SELECT * FROM `ot_category` WHERE ( id=40 ) LIMIT 1   [ RunTime:0.000321s ]
SQL: SELECT * FROM `ot_category` WHERE ( id=40 ) LIMIT 1   [ RunTime:0.000284s ]
SQL: SELECT * FROM `ot_category` WHERE ( id=2 ) LIMIT 1   [ RunTime:0.000275s ]
INFO: [ view_parse ] --START--
INFO: [ template_filter ] --START--
INFO: Run Behavior\ContentReplace [ RunTime:0.000175s ]
INFO: [ template_filter ] --END-- [ RunTime:0.000220s ]
INFO: Run Behavior\ParseTemplate [ RunTime:0.017058s ]
INFO: [ view_parse ] --END-- [ RunTime:0.017101s ]
INFO: [ view_filter ] --START--
INFO: Run Behavior\WriteHtmlCache [ RunTime:0.000460s ]
INFO: [ view_filter ] --END-- [ RunTime:0.000493s ]
INFO: [ app_end ] --START--
INFO: Run Behavior\ShowPageTrace [ RunTime:0.000930s ]
INFO: [ app_end ] --END-- [ RunTime:0.001009s ]

[ 2017-11-08T16:14:42+08:00 ] 127.0.0.1 /index.php?s=/home/article/lists/category/nodejs.html
SQL: SHOW COLUMNS FROM `ot_document` [ RunTime:0.003941s ]
SQL: SELECT * FROM `ot_document` WHERE ( status=1 ) ORDER BY view desc LIMIT 0,12   [ RunTime:0.000421s ]
SQL: SHOW COLUMNS FROM `ot_category` [ RunTime:0.004911s ]
SQL: SELECT `id`,`name`,`title`,`pid`,`sort`,`list_row`,`meta_title`,`keywords`,`description`,`template_index`,`template_lists`,`template_detail`,`template_edit`,`model`,`type`,`link_id`,`allow_publish`,`display`,`reply`,`check`,`reply_model`,`extend`,`create_time`,`update_time`,`status`,`icon` FROM `ot_category` WHERE ( `name` = 'nodejs' ) LIMIT 1   [ RunTime:0.000363s ]
SQL: SELECT COUNT(*) AS tp_count FROM `ot_document` WHERE ( status=1 AND category_id=40 ) LIMIT 1   [ RunTime:0.000224s ]
SQL: SELECT * FROM `ot_document` WHERE ( status=1 AND category_id=40 ) ORDER BY create_time LIMIT 0,15   [ RunTime:0.000302s ]
SQL: SELECT * FROM `ot_category` WHERE ( id=40 ) LIMIT 1   [ RunTime:0.000270s ]
SQL: SELECT * FROM `ot_category` WHERE ( id=40 ) LIMIT 1   [ RunTime:0.000219s ]
SQL: SELECT * FROM `ot_category` WHERE ( id=40 ) LIMIT 1   [ RunTime:0.000223s ]
INFO: [ view_parse ] --START--
INFO: [ template_filter ] --START--
INFO: Run Behavior\ContentReplace [ RunTime:0.000145s ]
INFO: [ template_filter ] --END-- [ RunTime:0.000193s ]
INFO: Run Behavior\ParseTemplate [ RunTime:0.016323s ]
INFO: [ view_parse ] --END-- [ RunTime:0.016394s ]
INFO: [ view_filter ] --START--
INFO: Run Behavior\WriteHtmlCache [ RunTime:0.000527s ]
INFO: [ view_filter ] --END-- [ RunTime:0.000609s ]
INFO: [ app_end ] --START--
INFO: Run Behavior\ShowPageTrace [ RunTime:0.001046s ]
INFO: [ app_end ] --END-- [ RunTime:0.001130s ]

[ 2017-11-08T16:14:48+08:00 ] 127.0.0.1 /index.php?s=/home/article/lists/category/php.html
SQL: SHOW COLUMNS FROM `ot_document` [ RunTime:0.004121s ]
SQL: SELECT * FROM `ot_document` WHERE ( status=1 ) ORDER BY view desc LIMIT 0,12   [ RunTime:0.000416s ]
SQL: SHOW COLUMNS FROM `ot_category` [ RunTime:0.004740s ]
SQL: SELECT `id`,`name`,`title`,`pid`,`sort`,`list_row`,`meta_title`,`keywords`,`description`,`template_index`,`template_lists`,`template_detail`,`template_edit`,`model`,`type`,`link_id`,`allow_publish`,`display`,`reply`,`check`,`reply_model`,`extend`,`create_time`,`update_time`,`status`,`icon` FROM `ot_category` WHERE ( `name` = 'php' ) LIMIT 1   [ RunTime:0.000440s ]
SQL: SELECT COUNT(*) AS tp_count FROM `ot_document` WHERE ( status=1 AND category_id=41 ) LIMIT 1   [ RunTime:0.000357s ]
SQL: SELECT * FROM `ot_document` WHERE ( status=1 AND category_id=41 ) ORDER BY create_time LIMIT 0,15   [ RunTime:0.000364s ]
SQL: SELECT * FROM `ot_category` WHERE ( id=41 ) LIMIT 1   [ RunTime:0.000300s ]
SQL: SELECT * FROM `ot_category` WHERE ( id=41 ) LIMIT 1   [ RunTime:0.000298s ]
SQL: SELECT * FROM `ot_category` WHERE ( id=41 ) LIMIT 1   [ RunTime:0.000296s ]
SQL: SELECT * FROM `ot_category` WHERE ( id=41 ) LIMIT 1   [ RunTime:0.000296s ]
SQL: SELECT * FROM `ot_category` WHERE ( id=41 ) LIMIT 1   [ RunTime:0.000304s ]
INFO: [ view_parse ] --START--
INFO: [ template_filter ] --START--
INFO: Run Behavior\ContentReplace [ RunTime:0.000141s ]
INFO: [ template_filter ] --END-- [ RunTime:0.000186s ]
INFO: Run Behavior\ParseTemplate [ RunTime:0.016106s ]
INFO: [ view_parse ] --END-- [ RunTime:0.016152s ]
INFO: [ view_filter ] --START--
INFO: Run Behavior\WriteHtmlCache [ RunTime:0.000636s ]
INFO: [ view_filter ] --END-- [ RunTime:0.000749s ]
INFO: [ app_end ] --START--
INFO: Run Behavior\ShowPageTrace [ RunTime:0.000949s ]
INFO: [ app_end ] --END-- [ RunTime:0.001012s ]

[ 2017-11-08T16:14:54+08:00 ] 127.0.0.1 /index.php?s=/home/article/lists/category/db.html
SQL: SHOW COLUMNS FROM `ot_document` [ RunTime:0.005655s ]
SQL: SELECT * FROM `ot_document` WHERE ( status=1 ) ORDER BY view desc LIMIT 0,12   [ RunTime:0.000439s ]
SQL: SHOW COLUMNS FROM `ot_category` [ RunTime:0.004212s ]
SQL: SELECT `id`,`name`,`title`,`pid`,`sort`,`list_row`,`meta_title`,`keywords`,`description`,`template_index`,`template_lists`,`template_detail`,`template_edit`,`model`,`type`,`link_id`,`allow_publish`,`display`,`reply`,`check`,`reply_model`,`extend`,`create_time`,`update_time`,`status`,`icon` FROM `ot_category` WHERE ( `name` = 'db' ) LIMIT 1   [ RunTime:0.000312s ]
INFO: [ view_parse ] --START--
INFO: [ template_filter ] --START--
INFO: Run Behavior\ContentReplace [ RunTime:0.000036s ]
INFO: [ template_filter ] --END-- [ RunTime:0.000087s ]
INFO: Run Behavior\ParseTemplate [ RunTime:0.008683s ]
INFO: [ view_parse ] --END-- [ RunTime:0.008750s ]
INFO: [ view_filter ] --START--
INFO: Run Behavior\WriteHtmlCache [ RunTime:0.000810s ]
INFO: [ view_filter ] --END-- [ RunTime:0.000894s ]

